<?xml version="1.0" encoding="UTF-8"?>
<testsuite xmlns:xsi="http://www.w3.org/2001/XMLSchema-instance" xsi:noNamespaceSchemaLocation="https://maven.apache.org/surefire/maven-surefire-plugin/xsd/surefire-test-report.xsd" name="ListManagerTest" time="0.033" tests="1" errors="1" skipped="0" failures="0">
  <properties>
[...]
</properties>
  <testcase name="initializationError" classname="ListManagerTest" time="0.005">
    <error message="Method testAddRemoveAndSize() should be public" type="java.lang.Exception">java.lang.Exception: Method testAddRemoveAndSize() should be public
</error>
  </testcase>
</testsuite>